<?xml version="1.0" encoding="UTF-8"?>
<!-- Generated by org.testng.reporters.JUnitXMLReporter -->
<testsuite ignored="0" hostname="Fayeems-MBP" failures="1" tests="1" name="End-To-End Test" time="0.026" errors="0" timestamp="2022-12-01T15:11:47 EST">
  <testcase classname="SeleniumReview" name="createRobustFramework" time="0.0">
    <failure type="org.testng.TestNGException" message="
Parameter &amp;apos;Items&amp;apos; is required by @Test on method createRobustFramework but has not been marked @Optional or defined
in /Users/fayeemmooktadeer/Desktop/LearningJava/seleniumWeeks/selenium/SeleniumReview/Seleniumz/testng.xml">
      <![CDATA[org.testng.TestNGException: 
Parameter 'Items' is required by @Test on method createRobustFramework but has not been marked @Optional or defined
in /Users/fayeemmooktadeer/Desktop/LearningJava/seleniumWeeks/selenium/SeleniumReview/Seleniumz/testng.xml
at java.base/java.util.ArrayList.forEach(ArrayList.java:1511)
... Removed 30 stack frames]]>
    </failure>
  </testcase> <!-- createRobustFramework -->
</testsuite> <!-- End-To-End Test -->
